<?xml version="1.0" encoding="UTF-8"?>
<testng-results ignored="0" total="1" passed="1" failed="0" skipped="0">
  <reporter-output>
  </reporter-output>
  <suite started-at="2022-11-16T14:58:51 IST" name="Suite" finished-at="2022-11-16T14:58:51 IST" duration-ms="166">
    <groups>
    </groups>
    <test started-at="2022-11-16T14:58:51 IST" name="Test" finished-at="2022-11-16T14:58:51 IST" duration-ms="166">
      <class name="practise.ContactTest">
        <test-method signature="Contact()[pri:0, instance:practise.ContactTest@7ea9e1e2]" started-at="2022-11-16T14:58:51 IST" name="Contact" finished-at="2022-11-16T14:58:51 IST" duration-ms="46" status="PASS">
          <reporter-output>
          </reporter-output>
        </test-method> <!-- Contact -->
      </class> <!-- practise.ContactTest -->
    </test> <!-- Test -->
  </suite> <!-- Suite -->
</testng-results>
